<?xml version="1.0" encoding="UTF-8"?>
<!-- Generated by org.testng.reporters.JUnitXMLReporter -->
<testsuite ignored="0" hostname="LAPTOP-OHDRA29K" failures="1" tests="4" name="TestListner" time="93.618" errors="0" timestamp="2023-11-05T22:46:36 IST">
  <testcase classname="loanbookforsale.qa.test.HomePageTest" name="homePageTitleTest" time="0.066"/>
  <testcase classname="loanbookforsale.qa.test.HomePageTest" name="loanbookLogoTest" time="0.094"/>
  <testcase classname="loanbookforsale.qa.test.HomePageTest" name="signInBtnTest" time="1.478"/>
  <testcase classname="loanbookforsale.qa.test.HomePageTest" name="testfailed123" time="0.005">
    <failure type="java.lang.IllegalArgumentException" message="Locator must be set">
      <![CDATA[java.lang.IllegalArgumentException: Locator must be set
at org.openqa.selenium.internal.Require.nonNull(Require.java:60)
at org.openqa.selenium.remote.RemoteWebDriver.findElement(RemoteWebDriver.java:351)
at loanbookforsale.qa.test.HomePageTest.testfailed123(HomePageTest.java:50)
at java.base/java.util.ArrayList.forEach(ArrayList.java:1511)
... Removed 27 stack frames]]>
    </failure>
  </testcase> <!-- testfailed123 -->
</testsuite> <!-- TestListner -->
